<?xml version="1.0" encoding="UTF-8"?>
<testng-results ignored="0" total="1" passed="1" failed="0" skipped="0">
  <reporter-output>
  </reporter-output>
  <suite started-at="2026-07-10T19:12:30 IST" name="Default suite" finished-at="2026-07-10T19:12:30 IST" duration-ms="155">
    <groups>
      <group name="Regression">
        <method signature="Demo1Test$DemoTest.movie1Test()[pri:0, instance:Demo.Demo1Test$DemoTest@5876a9af]" name="movie1Test" class="Demo.Demo1Test$DemoTest"/>
      </group> <!-- Regression -->
    </groups>
    <test started-at="2026-07-10T19:12:30 IST" name="Default test" finished-at="2026-07-10T19:12:30 IST" duration-ms="155">
      <class name="Demo.Demo1Test$DemoTest">
        <test-method signature="movie1Test()[pri:0, instance:Demo.Demo1Test$DemoTest@5876a9af]" started-at="2026-07-10T19:12:30 IST" name="movie1Test" finished-at="2026-07-10T19:12:30 IST" duration-ms="25" status="PASS">
          <reporter-output>
          </reporter-output>
        </test-method> <!-- movie1Test -->
      </class> <!-- Demo.Demo1Test$DemoTest -->
    </test> <!-- Default test -->
  </suite> <!-- Default suite -->
</testng-results>
